<?xml version="1.0" encoding="UTF-8"?>
<testsuite name="Reto automatizacion" tests="1" skipped="0" failures="0" errors="0" timestamp="2022-10-23T01:07:11" hostname="LAPTOP-VUOJDRFF" time="26.245">
  <properties/>
  <testcase name="Crear unidad de negocio y programacion" classname="Reto automatizacion" time="26.245"/>
  <system-out><![CDATA[288 //div[@class='field StartDate col-sm-6']//select
288 //div[@class='field EndDate col-sm-6']//select
]]></system-out>
  <system-err><![CDATA[oct 22, 2022 8:07:11 PM org.openqa.selenium.remote.DesiredCapabilities chrome
INFORMACIÓN: Using `new ChromeOptions()` is preferred to `DesiredCapabilities.chrome()`
Starting ChromeDriver 105.0.5195.52 (412c95e518836d8a7d97250d62b29c2ae6a26a85-refs/branch-heads/5195@{#853}) on port 35700
Only local connections are allowed.
Please see https://chromedriver.chromium.org/security-considerations for suggestions on keeping ChromeDriver safe.
ChromeDriver was started successfully.
[1666487234.203][WARNING]: This version of ChromeDriver has not been tested with Chrome version 106.
oct 22, 2022 8:07:14 PM org.openqa.selenium.remote.ProtocolHandshake createSession
INFORMACIÓN: Detected dialect: W3C
[Test worker] INFO net.serenitybdd.core.Serenity - 
        __    _____ _____ ____ _____   ____   _    ____  ____  _____ ____  
  _     \ \  |_   _| ____/ ___|_   _| |  _ \ / \  / ___|/ ___|| ____|  _ \ 
 (_)_____| |   | | |  _| \___ \ | |   | |_) / _ \ \___ \\___ \|  _| | | | |
  _|_____| |   | | | |___ ___) || |   |  __/ ___ \ ___) |___) | |___| |_| |
 (_)     | |   |_| |_____|____/ |_|   |_| /_/   \_\____/|____/|_____|____/ 
        /_/                                                                

TEST PASSED: Crear unidad de negocio y programacion
----------------------------------------------------------------------------
]]></system-err>
</testsuite>
