<?xml version="1.0" encoding="UTF-8"?>
<testsuite name="Reto automatizacion" tests="1" skipped="1" failures="0" errors="0" timestamp="2022-10-22T18:33:52" hostname="LAPTOP-VUOJDRFF" time="0.044">
  <properties/>
  <testcase name="Crear unidad de negocio y programacion" classname="Reto automatizacion" time="0.044">
    <skipped/>
  </testcase>
  <system-out><![CDATA[]]></system-out>
  <system-err><![CDATA[[Test worker] INFO net.serenitybdd.core.Serenity - TEST PENDING
[Test worker] INFO net.serenitybdd.core.Serenity - TEST PENDING
[Test worker] INFO net.serenitybdd.core.Serenity - TEST PENDING
[Test worker] INFO net.serenitybdd.core.Serenity - 
          __  _____ _____ ____ _____   ____  _____ _   _ ____ ___ _   _  ____ 
 _       / / |_   _| ____/ ___|_   _| |  _ \| ____| \ | |  _ \_ _| \ | |/ ___|
(_)____ / /    | | |  _| \___ \ | |   | |_) |  _| |  \| | | | | ||  \| | |  _ 
 |_____/ /     | | | |___ ___) || |   |  __/| |___| |\  | |_| | || |\  | |_| |
(_)   /_/      |_| |_____|____/ |_|   |_|   |_____|_| \_|____/___|_| \_|\____|
                                                                                

TEST PENDING: Crear unidad de negocio y programacion
---------------------------------------------------------------------------------
]]></system-err>
</testsuite>
